<?xml version="1.0" encoding="UTF-8"?>
<robot generator="Robot 7.1 (Python 3.12.6 on win32)" generated="2024-09-17T12:45:03.912402" rpa="false" schemaversion="5">
<suite id="s1" name="Login" source="D:\Desenvolvimento\Projetos em Cake\avaliacao\login.robot">
<test id="s1-t1" name="Valid Login" line="11">
<kw name="Open Browser" owner="SeleniumLibrary">
<msg time="2024-09-17T12:45:04.092397" level="INFO">Opening browser 'chrome' to base url 'http://localhost:8500/login'.</msg>
<arg>${URL}</arg>
<arg>${BROWSER}</arg>
<doc>Opens a new browser instance to the optional ``url``.</doc>
<status status="PASS" start="2024-09-17T12:45:04.092397" elapsed="2.627060"/>
</kw>
<kw name="Input Text" owner="SeleniumLibrary">
<msg time="2024-09-17T12:45:06.720461" level="INFO">Typing text 'lucas1042@live.com' into text field 'id=email'.</msg>
<arg>id=email</arg>
<arg>${USERNAME}</arg>
<doc>Types the given ``text`` into the text field identified by ``locator``.</doc>
<status status="PASS" start="2024-09-17T12:45:06.720461" elapsed="0.119905"/>
</kw>
<kw name="Input Text" owner="SeleniumLibrary">
<msg time="2024-09-17T12:45:06.841872" level="INFO">Typing text '12345' into text field 'id=password'.</msg>
<arg>id=password</arg>
<arg>${PASSWORD}</arg>
<doc>Types the given ``text`` into the text field identified by ``locator``.</doc>
<status status="PASS" start="2024-09-17T12:45:06.840366" elapsed="0.064930"/>
</kw>
<kw name="Click Button" owner="SeleniumLibrary">
<msg time="2024-09-17T12:45:06.905296" level="INFO">Clicking button 'css:.btn.btn-dark.w-100.mt-4.mb-3'.</msg>
<arg>css:.btn.btn-dark.w-100.mt-4.mb-3</arg>
<doc>Clicks the button identified by ``locator``.</doc>
<status status="PASS" start="2024-09-17T12:45:06.905296" elapsed="0.546539"/>
</kw>
<kw name="Title Should Be" owner="SeleniumLibrary">
<msg time="2024-09-17T12:45:07.559104" level="INFO" html="true">&lt;/td&gt;&lt;/tr&gt;&lt;tr&gt;&lt;td colspan="3"&gt;&lt;a href="selenium-screenshot-4.png"&gt;&lt;img src="selenium-screenshot-4.png" width="800px"&gt;&lt;/a&gt;</msg>
<msg time="2024-09-17T12:45:07.559104" level="FAIL">Title should have been 'MyFinance' but was 'MyFinance - Controle de Finanças Pessoais'.</msg>
<arg>MyFinance</arg>
<doc>Verifies that the current page title equals ``title``.</doc>
<status status="FAIL" start="2024-09-17T12:45:07.451835" elapsed="0.108350">Title should have been 'MyFinance' but was 'MyFinance - Controle de Finanças Pessoais'.</status>
</kw>
<kw name="Close Browser" owner="SeleniumLibrary">
<doc>Closes the current browser.</doc>
<status status="NOT RUN" start="2024-09-17T12:45:07.560185" elapsed="0.000000"/>
</kw>
<status status="FAIL" start="2024-09-17T12:45:04.092397" elapsed="3.467788">Title should have been 'MyFinance' but was 'MyFinance - Controle de Finanças Pessoais'.</status>
</test>
<test id="s1-t2" name="Invalid Login" line="19">
<kw name="Open Browser" owner="SeleniumLibrary">
<msg time="2024-09-17T12:45:07.562193" level="INFO">Opening browser 'chrome' to base url 'http://localhost:8500/login'.</msg>
<arg>${URL}</arg>
<arg>${BROWSER}</arg>
<doc>Opens a new browser instance to the optional ``url``.</doc>
<status status="PASS" start="2024-09-17T12:45:07.562193" elapsed="2.776792"/>
</kw>
<kw name="Input Text" owner="SeleniumLibrary">
<msg time="2024-09-17T12:45:10.339985" level="INFO">Typing text 'lucas1042@live.com' into text field 'id=email'.</msg>
<arg>id=email</arg>
<arg>${USERNAME}</arg>
<doc>Types the given ``text`` into the text field identified by ``locator``.</doc>
<status status="PASS" start="2024-09-17T12:45:10.338985" elapsed="0.110773"/>
</kw>
<kw name="Input Text" owner="SeleniumLibrary">
<msg time="2024-09-17T12:45:10.449758" level="INFO">Typing text '12345123' into text field 'id=password'.</msg>
<arg>id=password</arg>
<arg>${PASSWORD}123</arg>
<doc>Types the given ``text`` into the text field identified by ``locator``.</doc>
<status status="PASS" start="2024-09-17T12:45:10.449758" elapsed="0.072226"/>
</kw>
<kw name="Click Button" owner="SeleniumLibrary">
<msg time="2024-09-17T12:45:10.521984" level="INFO">Clicking button 'css:.btn.btn-dark.w-100.mt-4.mb-3'.</msg>
<arg>css:.btn.btn-dark.w-100.mt-4.mb-3</arg>
<doc>Clicks the button identified by ``locator``.</doc>
<status status="PASS" start="2024-09-17T12:45:10.521984" elapsed="0.524085"/>
</kw>
<kw name="Page Should Contain" owner="SeleniumLibrary">
<msg time="2024-09-17T12:45:11.057097" level="INFO">Current page contains text 'E-mail ou senha incorretos! Por favor, tente novamente.'.</msg>
<arg>E-mail ou senha incorretos! Por favor, tente novamente.</arg>
<doc>Verifies that current page contains ``text``.</doc>
<status status="PASS" start="2024-09-17T12:45:11.046069" elapsed="0.011028"/>
</kw>
<kw name="Close Browser" owner="SeleniumLibrary">
<doc>Closes the current browser.</doc>
<status status="PASS" start="2024-09-17T12:45:11.057097" elapsed="2.131086"/>
</kw>
<status status="PASS" start="2024-09-17T12:45:07.562193" elapsed="5.625990"/>
</test>
<status status="FAIL" start="2024-09-17T12:45:03.912402" elapsed="9.276810"/>
</suite>
<statistics>
<total>
<stat pass="1" fail="1" skip="0">All Tests</stat>
</total>
<tag>
</tag>
<suite>
<stat pass="1" fail="1" skip="0" id="s1" name="Login">Login</stat>
</suite>
</statistics>
<errors>
</errors>
</robot>
